c:\users\xiong\source\repos\idevicerestore\idevicerestore\debug\vc143.pdb
c:\users\xiong\source\repos\idevicerestore\idevicerestore\debug\vc143.idb
c:\users\xiong\source\repos\idevicerestore\idevicerestore\debug\restore.obj
c:\users\xiong\source\repos\idevicerestore\idevicerestore\debug\recovery.obj
c:\users\xiong\source\repos\idevicerestore\idevicerestore\debug\normal.obj
c:\users\xiong\source\repos\idevicerestore\idevicerestore\debug\mbn.obj
c:\users\xiong\source\repos\idevicerestore\idevicerestore\debug\locking.obj
c:\users\xiong\source\repos\idevicerestore\idevicerestore\debug\limera1n.obj
c:\users\xiong\source\repos\idevicerestore\idevicerestore\debug\ipsw.obj
c:\users\xiong\source\repos\idevicerestore\idevicerestore\debug\img4.obj
c:\users\xiong\source\repos\idevicerestore\idevicerestore\debug\img3.obj
c:\users\xiong\source\repos\idevicerestore\idevicerestore\debug\idevicerestore.obj
c:\users\xiong\source\repos\idevicerestore\idevicerestore\debug\getopt.obj
c:\users\xiong\source\repos\idevicerestore\idevicerestore\debug\ftab.obj
c:\users\xiong\source\repos\idevicerestore\idevicerestore\debug\fls.obj
c:\users\xiong\source\repos\idevicerestore\idevicerestore\debug\fdr.obj
c:\users\xiong\source\repos\idevicerestore\idevicerestore\debug\download.obj
c:\users\xiong\source\repos\idevicerestore\idevicerestore\debug\dfu.obj
c:\users\xiong\source\repos\idevicerestore\idevicerestore\debug\common.obj
c:\users\xiong\source\repos\idevicerestore\idevicerestore\debug\asr.obj
c:\users\xiong\source\repos\idevicerestore\idevicerestore\debug\ace3.obj
c:\users\xiong\source\repos\idevicerestore\debug\idevicerestore.exe
c:\users\xiong\source\repos\idevicerestore\debug\idevicerestore.pdb
c:\users\xiong\source\repos\idevicerestore\idevicerestore\debug\idevicerestore.ilk
c:\users\xiong\source\repos\idevicerestore\idevicerestore\debug\idevicerestore.tlog\cl.command.1.tlog
c:\users\xiong\source\repos\idevicerestore\idevicerestore\debug\idevicerestore.tlog\cl.items.tlog
c:\users\xiong\source\repos\idevicerestore\idevicerestore\debug\idevicerestore.tlog\cl.read.1.tlog
c:\users\xiong\source\repos\idevicerestore\idevicerestore\debug\idevicerestore.tlog\cl.write.1.tlog
c:\users\xiong\source\repos\idevicerestore\idevicerestore\debug\idevicerestore.tlog\link.command.1.tlog
c:\users\xiong\source\repos\idevicerestore\idevicerestore\debug\idevicerestore.tlog\link.read.1.tlog
c:\users\xiong\source\repos\idevicerestore\idevicerestore\debug\idevicerestore.tlog\link.secondary.1.tlog
c:\users\xiong\source\repos\idevicerestore\idevicerestore\debug\idevicerestore.tlog\link.write.1.tlog
